Determining if the pthread_create exist failed with the following output:
Change Dir: /home/zim/Desktop/Spring2018Courses/DH2323/CgLab2/CMakeFiles/CMakeTmp

Run Build Command:"/usr/bin/make" "cmTC_2e39c/fast"
/usr/bin/make -f CMakeFiles/cmTC_2e39c.dir/build.make CMakeFiles/cmTC_2e39c.dir/build
make[1]: Entering directory '/home/zim/Desktop/Spring2018Courses/DH2323/CgLab2/CMakeFiles/CMakeTmp'
Building C object CMakeFiles/cmTC_2e39c.dir/CheckSymbolExists.c.o
/usr/bin/cc     -o CMakeFiles/cmTC_2e39c.dir/CheckSymbolExists.c.o   -c /home/zim/Desktop/Spring2018Courses/DH2323/CgLab2/CMakeFiles/CMakeTmp/CheckSymbolExists.c
Linking C executable cmTC_2e39c
/usr/bin/cmake -E cmake_link_script CMakeFiles/cmTC_2e39c.dir/link.txt --verbose=1
/usr/bin/cc       CMakeFiles/cmTC_2e39c.dir/CheckSymbolExists.c.o  -o cmTC_2e39c -rdynamic 
CMakeFiles/cmTC_2e39c.dir/CheckSymbolExists.c.o: In function `main':
CheckSymbolExists.c:(.text+0x16): undefined reference to `pthread_create'
collect2: error: ld returned 1 exit status
CMakeFiles/cmTC_2e39c.dir/build.make:97: recipe for target 'cmTC_2e39c' failed
make[1]: *** [cmTC_2e39c] Error 1
make[1]: Leaving directory '/home/zim/Desktop/Spring2018Courses/DH2323/CgLab2/CMakeFiles/CMakeTmp'
Makefile:126: recipe for target 'cmTC_2e39c/fast' failed
make: *** [cmTC_2e39c/fast] Error 2

File /home/zim/Desktop/Spring2018Courses/DH2323/CgLab2/CMakeFiles/CMakeTmp/CheckSymbolExists.c:
/* */
#include <pthread.h>

int main(int argc, char** argv)
{
  (void)argv;
#ifndef pthread_create
  return ((int*)(&pthread_create))[argc];
#else
  (void)argc;
  return 0;
#endif
}

Determining if the function pthread_create exists in the pthreads failed with the following output:
Change Dir: /home/zim/Desktop/Spring2018Courses/DH2323/CgLab2/CMakeFiles/CMakeTmp

Run Build Command:"/usr/bin/make" "cmTC_12f0d/fast"
/usr/bin/make -f CMakeFiles/cmTC_12f0d.dir/build.make CMakeFiles/cmTC_12f0d.dir/build
make[1]: Entering directory '/home/zim/Desktop/Spring2018Courses/DH2323/CgLab2/CMakeFiles/CMakeTmp'
Building C object CMakeFiles/cmTC_12f0d.dir/CheckFunctionExists.c.o
/usr/bin/cc    -DCHECK_FUNCTION_EXISTS=pthread_create   -o CMakeFiles/cmTC_12f0d.dir/CheckFunctionExists.c.o   -c /usr/share/cmake-3.5/Modules/CheckFunctionExists.c
Linking C executable cmTC_12f0d
/usr/bin/cmake -E cmake_link_script CMakeFiles/cmTC_12f0d.dir/link.txt --verbose=1
/usr/bin/cc   -DCHECK_FUNCTION_EXISTS=pthread_create    CMakeFiles/cmTC_12f0d.dir/CheckFunctionExists.c.o  -o cmTC_12f0d -rdynamic -lpthreads 
/usr/bin/ld: cannot find -lpthreads
collect2: error: ld returned 1 exit status
CMakeFiles/cmTC_12f0d.dir/build.make:97: recipe for target 'cmTC_12f0d' failed
make[1]: *** [cmTC_12f0d] Error 1
make[1]: Leaving directory '/home/zim/Desktop/Spring2018Courses/DH2323/CgLab2/CMakeFiles/CMakeTmp'
Makefile:126: recipe for target 'cmTC_12f0d/fast' failed
make: *** [cmTC_12f0d/fast] Error 2


